2019-02-06 13:23:25,957 INFO o.a.j.u.JMeterUtils: Setting Locale to en_EN
2019-02-06 13:23:25,977 INFO o.a.j.JMeter: Loading user properties from: user.properties
2019-02-06 13:23:25,977 INFO o.a.j.JMeter: Loading system properties from: system.properties
2019-02-06 13:23:25,987 INFO o.a.j.JMeter: Copyright (c) 1998-2018 The Apache Software Foundation
2019-02-06 13:23:25,987 INFO o.a.j.JMeter: Version 5.0 r1840935
2019-02-06 13:23:25,987 INFO o.a.j.JMeter: java.version=1.8.0_151
2019-02-06 13:23:25,987 INFO o.a.j.JMeter: java.vm.name=Java HotSpot(TM) 64-Bit Server VM
2019-02-06 13:23:25,987 INFO o.a.j.JMeter: os.name=Windows 7
2019-02-06 13:23:25,987 INFO o.a.j.JMeter: os.arch=amd64
2019-02-06 13:23:25,987 INFO o.a.j.JMeter: os.version=6.1
2019-02-06 13:23:25,987 INFO o.a.j.JMeter: file.encoding=Cp1252
2019-02-06 13:23:25,987 INFO o.a.j.JMeter: Max memory     =1073741824
2019-02-06 13:23:25,987 INFO o.a.j.JMeter: Available Processors =4
2019-02-06 13:23:25,987 INFO o.a.j.JMeter: Default Locale=English (EN)
2019-02-06 13:23:25,987 INFO o.a.j.JMeter: JMeter  Locale=English (EN)
2019-02-06 13:23:25,987 INFO o.a.j.JMeter: JMeterHome=D:\Tatireddy\JMeter\apache-jmeter-5.0\apache-jmeter-5.0
2019-02-06 13:23:25,987 INFO o.a.j.JMeter: user.dir  =D:\Tatireddy\JMeter\apache-jmeter-5.0\apache-jmeter-5.0\bin
2019-02-06 13:23:25,997 INFO o.a.j.JMeter: PWD       =D:\Tatireddy\JMeter\apache-jmeter-5.0\apache-jmeter-5.0\bin
2019-02-06 13:23:25,997 INFO o.a.j.JMeter: IP: 172.17.42.10 Name: IND-ARL1DW70093 FullName: IND-ARL1DW70093.majesco.com
2019-02-06 13:23:26,208 INFO o.a.j.g.a.LookAndFeelCommand: Installing Darcula LAF
2019-02-06 13:23:26,258 INFO o.a.j.g.a.LookAndFeelCommand: Using look and feel: com.bulenkov.darcula.DarculaLaf [Darcula]
2019-02-06 13:23:26,258 INFO o.a.j.JMeter: Setting LAF to: com.bulenkov.darcula.DarculaLaf
2019-02-06 13:23:26,428 INFO o.a.j.JMeter: Loaded icon properties from org/apache/jmeter/images/icon.properties
2019-02-06 13:23:27,028 INFO o.a.j.e.u.CompoundVariable: Note: Function class names must contain the string: '.functions.'
2019-02-06 13:23:27,028 INFO o.a.j.e.u.CompoundVariable: Note: Function class names must not contain the string: '.gui.'
2019-02-06 13:23:29,624 INFO o.a.j.p.h.s.HTTPSamplerBase: Parser for text/html is org.apache.jmeter.protocol.http.parser.LagartoBasedHtmlParser
2019-02-06 13:23:29,624 INFO o.a.j.p.h.s.HTTPSamplerBase: Parser for application/xhtml+xml is org.apache.jmeter.protocol.http.parser.LagartoBasedHtmlParser
2019-02-06 13:23:29,624 INFO o.a.j.p.h.s.HTTPSamplerBase: Parser for application/xml is org.apache.jmeter.protocol.http.parser.LagartoBasedHtmlParser
2019-02-06 13:23:29,624 INFO o.a.j.p.h.s.HTTPSamplerBase: Parser for text/xml is org.apache.jmeter.protocol.http.parser.LagartoBasedHtmlParser
2019-02-06 13:23:29,624 INFO o.a.j.p.h.s.HTTPSamplerBase: Parser for text/vnd.wap.wml is org.apache.jmeter.protocol.http.parser.RegexpHTMLParser
2019-02-06 13:23:29,624 INFO o.a.j.p.h.s.HTTPSamplerBase: Parser for text/css is org.apache.jmeter.protocol.http.parser.CssParser
2019-02-06 13:23:30,238 INFO o.a.j.e.KeyToolUtils: keytool found at 'keytool'
2019-02-06 13:23:30,238 INFO o.a.j.p.h.p.ProxyControl: HTTP(S) Test Script Recorder SSL Proxy will use keys that support embedded 3rd party resources in file D:\Tatireddy\JMeter\apache-jmeter-5.0\apache-jmeter-5.0\bin\proxyserver.jks
2019-02-06 13:23:30,398 INFO o.a.j.s.FileServer: Default base='D:\Tatireddy\JMeter\apache-jmeter-5.0\apache-jmeter-5.0\bin'
2019-02-06 13:23:31,028 INFO o.a.j.s.SampleResult: Note: Sample TimeStamps are START times
2019-02-06 13:23:31,028 INFO o.a.j.s.SampleResult: sampleresult.default.encoding is set to ISO-8859-1
2019-02-06 13:23:31,028 INFO o.a.j.s.SampleResult: sampleresult.useNanoTime=true
2019-02-06 13:23:31,028 INFO o.a.j.s.SampleResult: sampleresult.nanoThreadSleep=5000
2019-02-06 13:24:13,940 INFO o.a.j.g.a.Load: Loading file: C:\Users\tatire661841.MAJESCO\Desktop\DUBAI-DUTY-FREE (4).jmx
2019-02-06 13:24:13,940 INFO o.a.j.s.FileServer: Set new base='C:\Users\tatire661841.MAJESCO\Desktop'
2019-02-06 13:24:14,180 INFO o.a.j.s.SaveService: Testplan (JMX) version: 2.2. Testlog (JTL) version: 2.2
2019-02-06 13:24:14,210 INFO o.a.j.s.SaveService: Using SaveService properties file encoding UTF-8
2019-02-06 13:24:14,210 INFO o.a.j.s.SaveService: Using SaveService properties version 5.0
2019-02-06 13:24:14,210 INFO o.a.j.s.SaveService: Loading file: C:\Users\tatire661841.MAJESCO\Desktop\DUBAI-DUTY-FREE (4).jmx
2019-02-06 13:24:14,260 INFO o.a.j.p.h.c.CookieManager: Settings: Delete null: true Check: true Allow variable: true Save: false Prefix: COOKIE_
2019-02-06 13:24:14,260 INFO o.a.j.p.h.c.CacheManager: Will only cache the following methods: [GET]
2019-02-06 13:24:15,002 INFO o.a.j.s.FileServer: Set new base='C:\Users\tatire661841.MAJESCO\Desktop'
2019-02-06 13:24:23,920 WARN o.a.j.u.JMeterUtils: ERROR! Resource string not found: [label]
2019-02-06 13:24:23,930 WARN o.a.j.u.JMeterUtils: ERROR! Resource string not found: [label]
2019-02-06 13:24:23,940 WARN o.a.j.u.JMeterUtils: ERROR! Resource string not found: [label]
2019-02-06 13:24:23,940 WARN o.a.j.u.JMeterUtils: ERROR! Resource string not found: [label]
2019-02-06 13:24:23,940 WARN o.a.j.u.JMeterUtils: ERROR! Resource string not found: [label]
2019-02-06 13:24:24,030 WARN o.a.j.u.JMeterUtils: ERROR! Resource string not found: [label]
2019-02-06 13:24:24,030 WARN o.a.j.u.JMeterUtils: ERROR! Resource string not found: [#_samples]
2019-02-06 13:24:24,030 WARN o.a.j.u.JMeterUtils: ERROR! Resource string not found: [median]
2019-02-06 13:24:24,030 WARN o.a.j.u.JMeterUtils: ERROR! Resource string not found: [90%_line]
2019-02-06 13:24:24,030 WARN o.a.j.u.JMeterUtils: ERROR! Resource string not found: [95%_line]
2019-02-06 13:24:24,030 WARN o.a.j.u.JMeterUtils: ERROR! Resource string not found: [99%_line]
2019-02-06 13:24:24,030 WARN o.a.j.u.JMeterUtils: ERROR! Resource string not found: [min]
2019-02-06 13:24:24,030 WARN o.a.j.u.JMeterUtils: ERROR! Resource string not found: [error_%]
2019-02-06 13:24:24,030 WARN o.a.j.u.JMeterUtils: ERROR! Resource string not found: [throughput]
2019-02-06 13:24:24,030 WARN o.a.j.u.JMeterUtils: ERROR! Resource string not found: [received_kb/sec]
2019-02-06 13:24:24,030 WARN o.a.j.u.JMeterUtils: ERROR! Resource string not found: [sent_kb/sec]
2019-02-06 13:24:24,051 WARN o.a.j.u.JMeterUtils: ERROR! Resource string not found: [label]
2019-02-06 13:24:24,051 WARN o.a.j.u.JMeterUtils: ERROR! Resource string not found: [label]
2019-02-06 13:24:24,071 WARN o.a.j.u.JMeterUtils: ERROR! Resource string not found: [label]
2019-02-06 13:24:24,071 WARN o.a.j.u.JMeterUtils: ERROR! Resource string not found: [#_samples]
2019-02-06 13:24:24,071 WARN o.a.j.u.JMeterUtils: ERROR! Resource string not found: [median]
2019-02-06 13:24:24,071 WARN o.a.j.u.JMeterUtils: ERROR! Resource string not found: [90%_line]
2019-02-06 13:24:24,071 WARN o.a.j.u.JMeterUtils: ERROR! Resource string not found: [95%_line]
2019-02-06 13:24:24,071 WARN o.a.j.u.JMeterUtils: ERROR! Resource string not found: [99%_line]
2019-02-06 13:24:24,071 WARN o.a.j.u.JMeterUtils: ERROR! Resource string not found: [min]
2019-02-06 13:24:24,071 WARN o.a.j.u.JMeterUtils: ERROR! Resource string not found: [error_%]
2019-02-06 13:24:24,071 WARN o.a.j.u.JMeterUtils: ERROR! Resource string not found: [throughput]
2019-02-06 13:24:24,071 WARN o.a.j.u.JMeterUtils: ERROR! Resource string not found: [received_kb/sec]
2019-02-06 13:24:24,071 WARN o.a.j.u.JMeterUtils: ERROR! Resource string not found: [sent_kb/sec]
2019-02-06 13:24:24,421 WARN o.a.j.u.JMeterUtils: ERROR! Resource string not found: [label]
2019-02-06 13:24:24,421 WARN o.a.j.u.JMeterUtils: ERROR! Resource string not found: [label]
2019-02-06 13:24:24,431 WARN o.a.j.u.JMeterUtils: ERROR! Resource string not found: [label]
2019-02-06 13:24:24,431 WARN o.a.j.u.JMeterUtils: ERROR! Resource string not found: [label]
2019-02-06 13:24:24,431 WARN o.a.j.u.JMeterUtils: ERROR! Resource string not found: [label]
2019-02-06 13:24:24,441 WARN o.a.j.u.JMeterUtils: ERROR! Resource string not found: [label]
2019-02-06 13:24:24,441 WARN o.a.j.u.JMeterUtils: ERROR! Resource string not found: [#_samples]
2019-02-06 13:24:24,441 WARN o.a.j.u.JMeterUtils: ERROR! Resource string not found: [median]
2019-02-06 13:24:24,441 WARN o.a.j.u.JMeterUtils: ERROR! Resource string not found: [90%_line]
2019-02-06 13:24:24,441 WARN o.a.j.u.JMeterUtils: ERROR! Resource string not found: [95%_line]
2019-02-06 13:24:24,441 WARN o.a.j.u.JMeterUtils: ERROR! Resource string not found: [99%_line]
2019-02-06 13:24:24,441 WARN o.a.j.u.JMeterUtils: ERROR! Resource string not found: [min]
2019-02-06 13:24:24,441 WARN o.a.j.u.JMeterUtils: ERROR! Resource string not found: [error_%]
2019-02-06 13:24:24,441 WARN o.a.j.u.JMeterUtils: ERROR! Resource string not found: [throughput]
2019-02-06 13:24:24,441 WARN o.a.j.u.JMeterUtils: ERROR! Resource string not found: [received_kb/sec]
2019-02-06 13:24:24,441 WARN o.a.j.u.JMeterUtils: ERROR! Resource string not found: [sent_kb/sec]
2019-02-06 13:24:24,461 WARN o.a.j.u.JMeterUtils: ERROR! Resource string not found: [label]
2019-02-06 13:24:24,461 WARN o.a.j.u.JMeterUtils: ERROR! Resource string not found: [label]
2019-02-06 13:24:24,531 WARN o.a.j.u.JMeterUtils: ERROR! Resource string not found: [label]
2019-02-06 13:24:24,531 WARN o.a.j.u.JMeterUtils: ERROR! Resource string not found: [#_samples]
2019-02-06 13:24:24,531 WARN o.a.j.u.JMeterUtils: ERROR! Resource string not found: [median]
2019-02-06 13:24:24,531 WARN o.a.j.u.JMeterUtils: ERROR! Resource string not found: [90%_line]
2019-02-06 13:24:24,531 WARN o.a.j.u.JMeterUtils: ERROR! Resource string not found: [95%_line]
2019-02-06 13:24:24,531 WARN o.a.j.u.JMeterUtils: ERROR! Resource string not found: [99%_line]
2019-02-06 13:24:24,531 WARN o.a.j.u.JMeterUtils: ERROR! Resource string not found: [min]
2019-02-06 13:24:24,531 WARN o.a.j.u.JMeterUtils: ERROR! Resource string not found: [error_%]
2019-02-06 13:24:24,531 WARN o.a.j.u.JMeterUtils: ERROR! Resource string not found: [throughput]
2019-02-06 13:24:24,531 WARN o.a.j.u.JMeterUtils: ERROR! Resource string not found: [received_kb/sec]
2019-02-06 13:24:24,531 WARN o.a.j.u.JMeterUtils: ERROR! Resource string not found: [sent_kb/sec]
2019-02-06 13:24:26,054 WARN o.a.j.u.JMeterUtils: ERROR! Resource string not found: [label]
2019-02-06 13:24:26,054 WARN o.a.j.u.JMeterUtils: ERROR! Resource string not found: [label]
2019-02-06 13:24:26,054 WARN o.a.j.u.JMeterUtils: ERROR! Resource string not found: [label]
2019-02-06 13:24:26,084 WARN o.a.j.u.JMeterUtils: ERROR! Resource string not found: [label]
2019-02-06 13:24:26,084 WARN o.a.j.u.JMeterUtils: ERROR! Resource string not found: [#_samples]
2019-02-06 13:24:26,084 WARN o.a.j.u.JMeterUtils: ERROR! Resource string not found: [median]
2019-02-06 13:24:26,084 WARN o.a.j.u.JMeterUtils: ERROR! Resource string not found: [90%_line]
2019-02-06 13:24:26,084 WARN o.a.j.u.JMeterUtils: ERROR! Resource string not found: [95%_line]
2019-02-06 13:24:26,084 WARN o.a.j.u.JMeterUtils: ERROR! Resource string not found: [99%_line]
2019-02-06 13:24:26,084 WARN o.a.j.u.JMeterUtils: ERROR! Resource string not found: [min]
2019-02-06 13:24:26,084 WARN o.a.j.u.JMeterUtils: ERROR! Resource string not found: [error_%]
2019-02-06 13:24:26,084 WARN o.a.j.u.JMeterUtils: ERROR! Resource string not found: [throughput]
2019-02-06 13:24:26,084 WARN o.a.j.u.JMeterUtils: ERROR! Resource string not found: [received_kb/sec]
2019-02-06 13:24:26,084 WARN o.a.j.u.JMeterUtils: ERROR! Resource string not found: [sent_kb/sec]
2019-02-06 13:24:26,204 WARN o.a.j.u.JMeterUtils: ERROR! Resource string not found: [label]
2019-02-06 13:24:26,204 WARN o.a.j.u.JMeterUtils: ERROR! Resource string not found: [#_samples]
2019-02-06 13:24:26,204 WARN o.a.j.u.JMeterUtils: ERROR! Resource string not found: [median]
2019-02-06 13:24:26,204 WARN o.a.j.u.JMeterUtils: ERROR! Resource string not found: [90%_line]
2019-02-06 13:24:26,204 WARN o.a.j.u.JMeterUtils: ERROR! Resource string not found: [95%_line]
2019-02-06 13:24:26,204 WARN o.a.j.u.JMeterUtils: ERROR! Resource string not found: [99%_line]
2019-02-06 13:24:26,204 WARN o.a.j.u.JMeterUtils: ERROR! Resource string not found: [min]
2019-02-06 13:24:26,204 WARN o.a.j.u.JMeterUtils: ERROR! Resource string not found: [error_%]
2019-02-06 13:24:26,204 WARN o.a.j.u.JMeterUtils: ERROR! Resource string not found: [throughput]
2019-02-06 13:24:26,204 WARN o.a.j.u.JMeterUtils: ERROR! Resource string not found: [received_kb/sec]
2019-02-06 13:24:26,204 WARN o.a.j.u.JMeterUtils: ERROR! Resource string not found: [sent_kb/sec]
2019-02-06 13:25:12,928 WARN o.a.j.u.JMeterUtils: ERROR! Resource string not found: [label]
2019-02-06 13:25:12,928 WARN o.a.j.u.JMeterUtils: ERROR! Resource string not found: [label]
2019-02-06 13:25:12,928 WARN o.a.j.u.JMeterUtils: ERROR! Resource string not found: [label]
2019-02-06 13:25:12,958 WARN o.a.j.u.JMeterUtils: ERROR! Resource string not found: [label]
2019-02-06 13:25:12,958 WARN o.a.j.u.JMeterUtils: ERROR! Resource string not found: [#_samples]
2019-02-06 13:25:12,958 WARN o.a.j.u.JMeterUtils: ERROR! Resource string not found: [median]
2019-02-06 13:25:12,958 WARN o.a.j.u.JMeterUtils: ERROR! Resource string not found: [90%_line]
2019-02-06 13:25:12,958 WARN o.a.j.u.JMeterUtils: ERROR! Resource string not found: [95%_line]
2019-02-06 13:25:12,958 WARN o.a.j.u.JMeterUtils: ERROR! Resource string not found: [99%_line]
2019-02-06 13:25:12,958 WARN o.a.j.u.JMeterUtils: ERROR! Resource string not found: [min]
2019-02-06 13:25:12,958 WARN o.a.j.u.JMeterUtils: ERROR! Resource string not found: [error_%]
2019-02-06 13:25:12,958 WARN o.a.j.u.JMeterUtils: ERROR! Resource string not found: [throughput]
2019-02-06 13:25:12,958 WARN o.a.j.u.JMeterUtils: ERROR! Resource string not found: [received_kb/sec]
2019-02-06 13:25:12,958 WARN o.a.j.u.JMeterUtils: ERROR! Resource string not found: [sent_kb/sec]
2019-02-06 13:25:13,099 WARN o.a.j.u.JMeterUtils: ERROR! Resource string not found: [label]
2019-02-06 13:25:13,099 WARN o.a.j.u.JMeterUtils: ERROR! Resource string not found: [#_samples]
2019-02-06 13:25:13,099 WARN o.a.j.u.JMeterUtils: ERROR! Resource string not found: [median]
2019-02-06 13:25:13,099 WARN o.a.j.u.JMeterUtils: ERROR! Resource string not found: [90%_line]
2019-02-06 13:25:13,099 WARN o.a.j.u.JMeterUtils: ERROR! Resource string not found: [95%_line]
2019-02-06 13:25:13,099 WARN o.a.j.u.JMeterUtils: ERROR! Resource string not found: [99%_line]
2019-02-06 13:25:13,099 WARN o.a.j.u.JMeterUtils: ERROR! Resource string not found: [min]
2019-02-06 13:25:13,099 WARN o.a.j.u.JMeterUtils: ERROR! Resource string not found: [error_%]
2019-02-06 13:25:13,099 WARN o.a.j.u.JMeterUtils: ERROR! Resource string not found: [throughput]
2019-02-06 13:25:13,099 WARN o.a.j.u.JMeterUtils: ERROR! Resource string not found: [received_kb/sec]
2019-02-06 13:25:13,099 WARN o.a.j.u.JMeterUtils: ERROR! Resource string not found: [sent_kb/sec]
2019-02-06 13:25:14,590 WARN o.a.j.u.JMeterUtils: ERROR! Resource string not found: [label]
2019-02-06 13:25:14,590 WARN o.a.j.u.JMeterUtils: ERROR! Resource string not found: [label]
2019-02-06 13:25:14,590 WARN o.a.j.u.JMeterUtils: ERROR! Resource string not found: [label]
2019-02-06 13:25:14,600 WARN o.a.j.u.JMeterUtils: ERROR! Resource string not found: [label]
2019-02-06 13:25:14,600 WARN o.a.j.u.JMeterUtils: ERROR! Resource string not found: [#_samples]
2019-02-06 13:25:14,600 WARN o.a.j.u.JMeterUtils: ERROR! Resource string not found: [median]
2019-02-06 13:25:14,600 WARN o.a.j.u.JMeterUtils: ERROR! Resource string not found: [90%_line]
2019-02-06 13:25:14,600 WARN o.a.j.u.JMeterUtils: ERROR! Resource string not found: [95%_line]
2019-02-06 13:25:14,600 WARN o.a.j.u.JMeterUtils: ERROR! Resource string not found: [99%_line]
2019-02-06 13:25:14,600 WARN o.a.j.u.JMeterUtils: ERROR! Resource string not found: [min]
2019-02-06 13:25:14,600 WARN o.a.j.u.JMeterUtils: ERROR! Resource string not found: [error_%]
2019-02-06 13:25:14,600 WARN o.a.j.u.JMeterUtils: ERROR! Resource string not found: [throughput]
2019-02-06 13:25:14,600 WARN o.a.j.u.JMeterUtils: ERROR! Resource string not found: [received_kb/sec]
2019-02-06 13:25:14,600 WARN o.a.j.u.JMeterUtils: ERROR! Resource string not found: [sent_kb/sec]
2019-02-06 13:25:14,730 WARN o.a.j.u.JMeterUtils: ERROR! Resource string not found: [label]
2019-02-06 13:25:14,730 WARN o.a.j.u.JMeterUtils: ERROR! Resource string not found: [#_samples]
2019-02-06 13:25:14,730 WARN o.a.j.u.JMeterUtils: ERROR! Resource string not found: [median]
2019-02-06 13:25:14,730 WARN o.a.j.u.JMeterUtils: ERROR! Resource string not found: [90%_line]
2019-02-06 13:25:14,730 WARN o.a.j.u.JMeterUtils: ERROR! Resource string not found: [95%_line]
2019-02-06 13:25:14,730 WARN o.a.j.u.JMeterUtils: ERROR! Resource string not found: [99%_line]
2019-02-06 13:25:14,730 WARN o.a.j.u.JMeterUtils: ERROR! Resource string not found: [min]
2019-02-06 13:25:14,730 WARN o.a.j.u.JMeterUtils: ERROR! Resource string not found: [error_%]
2019-02-06 13:25:14,730 WARN o.a.j.u.JMeterUtils: ERROR! Resource string not found: [throughput]
2019-02-06 13:25:14,730 WARN o.a.j.u.JMeterUtils: ERROR! Resource string not found: [received_kb/sec]
2019-02-06 13:25:14,730 WARN o.a.j.u.JMeterUtils: ERROR! Resource string not found: [sent_kb/sec]
2019-02-06 13:25:38,033 WARN o.a.j.u.JMeterUtils: ERROR! Resource string not found: [label]
2019-02-06 13:25:38,053 WARN o.a.j.u.JMeterUtils: ERROR! Resource string not found: [label]
2019-02-06 13:25:38,053 WARN o.a.j.u.JMeterUtils: ERROR! Resource string not found: [label]
2019-02-06 13:25:38,083 WARN o.a.j.u.JMeterUtils: ERROR! Resource string not found: [label]
2019-02-06 13:25:38,083 WARN o.a.j.u.JMeterUtils: ERROR! Resource string not found: [#_samples]
2019-02-06 13:25:38,083 WARN o.a.j.u.JMeterUtils: ERROR! Resource string not found: [median]
2019-02-06 13:25:38,083 WARN o.a.j.u.JMeterUtils: ERROR! Resource string not found: [90%_line]
2019-02-06 13:25:38,083 WARN o.a.j.u.JMeterUtils: ERROR! Resource string not found: [95%_line]
2019-02-06 13:25:38,083 WARN o.a.j.u.JMeterUtils: ERROR! Resource string not found: [99%_line]
2019-02-06 13:25:38,083 WARN o.a.j.u.JMeterUtils: ERROR! Resource string not found: [min]
2019-02-06 13:25:38,083 WARN o.a.j.u.JMeterUtils: ERROR! Resource string not found: [error_%]
2019-02-06 13:25:38,083 WARN o.a.j.u.JMeterUtils: ERROR! Resource string not found: [throughput]
2019-02-06 13:25:38,083 WARN o.a.j.u.JMeterUtils: ERROR! Resource string not found: [received_kb/sec]
2019-02-06 13:25:38,083 WARN o.a.j.u.JMeterUtils: ERROR! Resource string not found: [sent_kb/sec]
2019-02-06 13:25:38,203 WARN o.a.j.u.JMeterUtils: ERROR! Resource string not found: [label]
2019-02-06 13:25:38,203 WARN o.a.j.u.JMeterUtils: ERROR! Resource string not found: [#_samples]
2019-02-06 13:25:38,203 WARN o.a.j.u.JMeterUtils: ERROR! Resource string not found: [median]
2019-02-06 13:25:38,203 WARN o.a.j.u.JMeterUtils: ERROR! Resource string not found: [90%_line]
2019-02-06 13:25:38,203 WARN o.a.j.u.JMeterUtils: ERROR! Resource string not found: [95%_line]
2019-02-06 13:25:38,203 WARN o.a.j.u.JMeterUtils: ERROR! Resource string not found: [99%_line]
2019-02-06 13:25:38,203 WARN o.a.j.u.JMeterUtils: ERROR! Resource string not found: [min]
2019-02-06 13:25:38,203 WARN o.a.j.u.JMeterUtils: ERROR! Resource string not found: [error_%]
2019-02-06 13:25:38,203 WARN o.a.j.u.JMeterUtils: ERROR! Resource string not found: [throughput]
2019-02-06 13:25:38,203 WARN o.a.j.u.JMeterUtils: ERROR! Resource string not found: [received_kb/sec]
2019-02-06 13:25:38,203 WARN o.a.j.u.JMeterUtils: ERROR! Resource string not found: [sent_kb/sec]
2019-02-06 13:25:40,275 WARN o.a.j.u.JMeterUtils: ERROR! Resource string not found: [label]
2019-02-06 13:25:40,275 WARN o.a.j.u.JMeterUtils: ERROR! Resource string not found: [label]
2019-02-06 13:25:40,285 WARN o.a.j.u.JMeterUtils: ERROR! Resource string not found: [label]
2019-02-06 13:25:40,285 WARN o.a.j.u.JMeterUtils: ERROR! Resource string not found: [label]
2019-02-06 13:25:40,285 WARN o.a.j.u.JMeterUtils: ERROR! Resource string not found: [#_samples]
2019-02-06 13:25:40,285 WARN o.a.j.u.JMeterUtils: ERROR! Resource string not found: [median]
2019-02-06 13:25:40,295 WARN o.a.j.u.JMeterUtils: ERROR! Resource string not found: [90%_line]
2019-02-06 13:25:40,295 WARN o.a.j.u.JMeterUtils: ERROR! Resource string not found: [95%_line]
2019-02-06 13:25:40,295 WARN o.a.j.u.JMeterUtils: ERROR! Resource string not found: [99%_line]
2019-02-06 13:25:40,295 WARN o.a.j.u.JMeterUtils: ERROR! Resource string not found: [min]
2019-02-06 13:25:40,295 WARN o.a.j.u.JMeterUtils: ERROR! Resource string not found: [error_%]
2019-02-06 13:25:40,295 WARN o.a.j.u.JMeterUtils: ERROR! Resource string not found: [throughput]
2019-02-06 13:25:40,295 WARN o.a.j.u.JMeterUtils: ERROR! Resource string not found: [received_kb/sec]
2019-02-06 13:25:40,295 WARN o.a.j.u.JMeterUtils: ERROR! Resource string not found: [sent_kb/sec]
2019-02-06 13:25:40,365 WARN o.a.j.u.JMeterUtils: ERROR! Resource string not found: [label]
2019-02-06 13:25:40,365 WARN o.a.j.u.JMeterUtils: ERROR! Resource string not found: [#_samples]
2019-02-06 13:25:40,365 WARN o.a.j.u.JMeterUtils: ERROR! Resource string not found: [median]
2019-02-06 13:25:40,365 WARN o.a.j.u.JMeterUtils: ERROR! Resource string not found: [90%_line]
2019-02-06 13:25:40,365 WARN o.a.j.u.JMeterUtils: ERROR! Resource string not found: [95%_line]
2019-02-06 13:25:40,365 WARN o.a.j.u.JMeterUtils: ERROR! Resource string not found: [99%_line]
2019-02-06 13:25:40,365 WARN o.a.j.u.JMeterUtils: ERROR! Resource string not found: [min]
2019-02-06 13:25:40,365 WARN o.a.j.u.JMeterUtils: ERROR! Resource string not found: [error_%]
2019-02-06 13:25:40,365 WARN o.a.j.u.JMeterUtils: ERROR! Resource string not found: [throughput]
2019-02-06 13:25:40,365 WARN o.a.j.u.JMeterUtils: ERROR! Resource string not found: [received_kb/sec]
2019-02-06 13:25:40,375 WARN o.a.j.u.JMeterUtils: ERROR! Resource string not found: [sent_kb/sec]
2019-02-06 18:45:29,948 INFO o.a.j.e.StandardJMeterEngine: Running the test!
2019-02-06 18:45:29,950 INFO o.a.j.s.SampleEvent: List of sample_variables: []
2019-02-06 18:45:29,950 INFO o.a.j.s.SampleEvent: List of sample_variables: []
2019-02-06 18:45:29,988 INFO o.a.j.g.u.JMeterMenuBar: setRunning(true, *local*)
2019-02-06 18:45:30,297 INFO o.a.j.e.StandardJMeterEngine: Starting ThreadGroup: 1 : Script
2019-02-06 18:45:30,298 INFO o.a.j.e.StandardJMeterEngine: Starting 1 threads for group Script.
2019-02-06 18:45:30,298 INFO o.a.j.e.StandardJMeterEngine: Thread will continue on error
2019-02-06 18:45:30,298 INFO o.a.j.t.ThreadGroup: Starting thread group... number=1 threads=1 ramp-up=1 perThread=1000.0 delayedStart=false
2019-02-06 18:45:30,306 INFO o.a.j.t.ThreadGroup: Started thread group number 1
2019-02-06 18:45:30,306 INFO o.a.j.e.StandardJMeterEngine: Starting ThreadGroup: 2 : Thread Group
2019-02-06 18:45:30,306 INFO o.a.j.e.StandardJMeterEngine: Starting 1 threads for group Thread Group.
2019-02-06 18:45:30,306 INFO o.a.j.e.StandardJMeterEngine: Thread will continue on error
2019-02-06 18:45:30,306 INFO o.a.j.t.ThreadGroup: Starting thread group... number=2 threads=1 ramp-up=1 perThread=1000.0 delayedStart=false
2019-02-06 18:45:30,307 INFO o.a.j.t.ThreadGroup: Started thread group number 2
2019-02-06 18:45:30,307 INFO o.a.j.e.StandardJMeterEngine: All thread groups have been started
2019-02-06 18:45:30,308 INFO o.a.j.t.JMeterThread: Thread started: Thread Group 2-1
2019-02-06 18:45:30,311 INFO o.a.j.t.JMeterThread: Thread is done: Thread Group 2-1
2019-02-06 18:45:30,311 INFO o.a.j.t.JMeterThread: Thread finished: Thread Group 2-1
2019-02-06 18:45:30,325 INFO o.a.j.t.JMeterThread: Thread started: Script 1-1
2019-02-06 18:45:30,372 INFO o.a.j.p.h.s.HTTPHCAbstractImpl: Local host = IND-ARL1DW70093
2019-02-06 18:45:30,377 INFO o.a.j.p.h.s.HTTPHC4Impl: HTTP request retry count = 0
2019-02-06 18:45:30,597 INFO o.a.j.p.h.s.h.LazyLayeredConnectionSocketFactory: Setting up HTTPS TrustAll Socket Factory
2019-02-06 18:45:30,608 INFO o.a.j.u.JsseSSLManager: Using default SSL protocol: TLS
2019-02-06 18:45:30,609 INFO o.a.j.u.JsseSSLManager: SSL session context: per-thread
2019-02-06 18:45:31,625 INFO o.a.j.u.SSLManager: JmeterKeyStore Location:  type JKS
2019-02-06 18:45:31,625 INFO o.a.j.u.SSLManager: KeyStore created OK
2019-02-06 18:45:31,626 WARN o.a.j.u.SSLManager: Keystore file not found, loading empty keystore
2019-02-06 18:45:55,413 WARN o.a.j.u.JMeterUtils: ERROR! Resource string not found: [label]
2019-02-06 18:45:55,417 WARN o.a.j.u.JMeterUtils: ERROR! Resource string not found: [label]
2019-02-06 18:45:55,418 WARN o.a.j.u.JMeterUtils: ERROR! Resource string not found: [label]
2019-02-06 18:45:55,444 WARN o.a.j.u.JMeterUtils: ERROR! Resource string not found: [label]
2019-02-06 18:45:55,444 WARN o.a.j.u.JMeterUtils: ERROR! Resource string not found: [#_samples]
2019-02-06 18:45:55,445 WARN o.a.j.u.JMeterUtils: ERROR! Resource string not found: [median]
2019-02-06 18:45:55,445 WARN o.a.j.u.JMeterUtils: ERROR! Resource string not found: [90%_line]
2019-02-06 18:45:55,445 WARN o.a.j.u.JMeterUtils: ERROR! Resource string not found: [95%_line]
2019-02-06 18:45:55,445 WARN o.a.j.u.JMeterUtils: ERROR! Resource string not found: [99%_line]
2019-02-06 18:45:55,446 WARN o.a.j.u.JMeterUtils: ERROR! Resource string not found: [min]
2019-02-06 18:45:55,446 WARN o.a.j.u.JMeterUtils: ERROR! Resource string not found: [error_%]
2019-02-06 18:45:55,446 WARN o.a.j.u.JMeterUtils: ERROR! Resource string not found: [throughput]
2019-02-06 18:45:55,447 WARN o.a.j.u.JMeterUtils: ERROR! Resource string not found: [received_kb/sec]
2019-02-06 18:45:55,447 WARN o.a.j.u.JMeterUtils: ERROR! Resource string not found: [sent_kb/sec]
2019-02-06 18:45:55,573 WARN o.a.j.u.JMeterUtils: ERROR! Resource string not found: [label]
2019-02-06 18:45:55,574 WARN o.a.j.u.JMeterUtils: ERROR! Resource string not found: [#_samples]
2019-02-06 18:45:55,574 WARN o.a.j.u.JMeterUtils: ERROR! Resource string not found: [median]
2019-02-06 18:45:55,574 WARN o.a.j.u.JMeterUtils: ERROR! Resource string not found: [90%_line]
2019-02-06 18:45:55,574 WARN o.a.j.u.JMeterUtils: ERROR! Resource string not found: [95%_line]
2019-02-06 18:45:55,574 WARN o.a.j.u.JMeterUtils: ERROR! Resource string not found: [99%_line]
2019-02-06 18:45:55,574 WARN o.a.j.u.JMeterUtils: ERROR! Resource string not found: [min]
2019-02-06 18:45:55,574 WARN o.a.j.u.JMeterUtils: ERROR! Resource string not found: [error_%]
2019-02-06 18:45:55,575 WARN o.a.j.u.JMeterUtils: ERROR! Resource string not found: [throughput]
2019-02-06 18:45:55,575 WARN o.a.j.u.JMeterUtils: ERROR! Resource string not found: [received_kb/sec]
2019-02-06 18:45:55,575 WARN o.a.j.u.JMeterUtils: ERROR! Resource string not found: [sent_kb/sec]
2019-02-06 18:45:57,772 WARN o.a.j.u.JMeterUtils: ERROR! Resource string not found: [label]
2019-02-06 18:45:57,777 WARN o.a.j.u.JMeterUtils: ERROR! Resource string not found: [label]
2019-02-06 18:45:57,777 WARN o.a.j.u.JMeterUtils: ERROR! Resource string not found: [label]
2019-02-06 18:45:57,784 WARN o.a.j.u.JMeterUtils: ERROR! Resource string not found: [label]
2019-02-06 18:45:57,784 WARN o.a.j.u.JMeterUtils: ERROR! Resource string not found: [#_samples]
2019-02-06 18:45:57,784 WARN o.a.j.u.JMeterUtils: ERROR! Resource string not found: [median]
2019-02-06 18:45:57,785 WARN o.a.j.u.JMeterUtils: ERROR! Resource string not found: [90%_line]
2019-02-06 18:45:57,785 WARN o.a.j.u.JMeterUtils: ERROR! Resource string not found: [95%_line]
2019-02-06 18:45:57,785 WARN o.a.j.u.JMeterUtils: ERROR! Resource string not found: [99%_line]
2019-02-06 18:45:57,785 WARN o.a.j.u.JMeterUtils: ERROR! Resource string not found: [min]
2019-02-06 18:45:57,786 WARN o.a.j.u.JMeterUtils: ERROR! Resource string not found: [error_%]
2019-02-06 18:45:57,786 WARN o.a.j.u.JMeterUtils: ERROR! Resource string not found: [throughput]
2019-02-06 18:45:57,786 WARN o.a.j.u.JMeterUtils: ERROR! Resource string not found: [received_kb/sec]
2019-02-06 18:45:57,786 WARN o.a.j.u.JMeterUtils: ERROR! Resource string not found: [sent_kb/sec]
2019-02-06 18:45:57,900 WARN o.a.j.u.JMeterUtils: ERROR! Resource string not found: [label]
2019-02-06 18:45:57,901 WARN o.a.j.u.JMeterUtils: ERROR! Resource string not found: [#_samples]
2019-02-06 18:45:57,901 WARN o.a.j.u.JMeterUtils: ERROR! Resource string not found: [median]
2019-02-06 18:45:57,901 WARN o.a.j.u.JMeterUtils: ERROR! Resource string not found: [90%_line]
2019-02-06 18:45:57,902 WARN o.a.j.u.JMeterUtils: ERROR! Resource string not found: [95%_line]
2019-02-06 18:45:57,902 WARN o.a.j.u.JMeterUtils: ERROR! Resource string not found: [99%_line]
2019-02-06 18:45:57,902 WARN o.a.j.u.JMeterUtils: ERROR! Resource string not found: [min]
2019-02-06 18:45:57,902 WARN o.a.j.u.JMeterUtils: ERROR! Resource string not found: [error_%]
2019-02-06 18:45:57,902 WARN o.a.j.u.JMeterUtils: ERROR! Resource string not found: [throughput]
2019-02-06 18:45:57,903 WARN o.a.j.u.JMeterUtils: ERROR! Resource string not found: [received_kb/sec]
2019-02-06 18:45:57,903 WARN o.a.j.u.JMeterUtils: ERROR! Resource string not found: [sent_kb/sec]
2019-02-06 18:46:18,611 INFO o.a.j.g.a.Start: Shutting test down
2019-02-06 18:46:18,647 INFO o.a.j.t.JMeterThread: Stopping: Script 1-1
2019-02-06 18:46:22,819 INFO o.a.j.g.a.Start: Shutting test down
2019-02-06 18:46:27,827 INFO o.a.j.g.a.Start: Stopping test
2019-02-06 18:46:27,861 INFO o.a.j.t.JMeterThread: Stopping: Script 1-1
2019-02-06 18:46:27,863 WARN o.a.j.t.JMeterThread: Interrupting: Script 1-1 sampler: https://ccstore-stage-z6ua.oracleoutsourcing.com/ccstoreui/v1/registry
2019-02-06 18:46:27,867 INFO o.a.j.s.FileServer: Stored: Login_Data.csv
2019-02-06 18:46:27,868 ERROR o.a.j.t.JMeterThread: Test failed!
java.lang.IllegalArgumentException: File Login_Data.csv must exist and be readable
	at org.apache.jmeter.services.FileServer.createBufferedReader(FileServer.java:424) ~[ApacheJMeter_core.jar:5.0 r1840935]
	at org.apache.jmeter.services.FileServer.readLine(FileServer.java:340) ~[ApacheJMeter_core.jar:5.0 r1840935]
	at org.apache.jmeter.config.CSVDataSet.iterationStart(CSVDataSet.java:205) ~[ApacheJMeter_components.jar:5.0 r1840935]
	at org.apache.jmeter.control.GenericController.fireIterationStart(GenericController.java:399) ~[ApacheJMeter_core.jar:5.0 r1840935]
	at org.apache.jmeter.control.GenericController.fireIterEvents(GenericController.java:391) ~[ApacheJMeter_core.jar:5.0 r1840935]
	at org.apache.jmeter.control.GenericController.next(GenericController.java:160) ~[ApacheJMeter_core.jar:5.0 r1840935]
	at org.apache.jmeter.control.TransactionController.nextWithoutTransactionSampler(TransactionController.java:206) ~[ApacheJMeter_core.jar:5.0 r1840935]
	at org.apache.jmeter.control.TransactionController.next(TransactionController.java:136) ~[ApacheJMeter_core.jar:5.0 r1840935]
	at org.apache.jmeter.control.GenericController.nextIsAController(GenericController.java:222) ~[ApacheJMeter_core.jar:5.0 r1840935]
	at org.apache.jmeter.control.GenericController.next(GenericController.java:175) ~[ApacheJMeter_core.jar:5.0 r1840935]
	at org.apache.jmeter.control.LoopController.next(LoopController.java:134) ~[ApacheJMeter_core.jar:5.0 r1840935]
	at org.apache.jmeter.control.GenericController.nextIsAController(GenericController.java:225) ~[ApacheJMeter_core.jar:5.0 r1840935]
	at org.apache.jmeter.control.GenericController.next(GenericController.java:175) ~[ApacheJMeter_core.jar:5.0 r1840935]
	at org.apache.jmeter.control.LoopController.next(LoopController.java:134) ~[ApacheJMeter_core.jar:5.0 r1840935]
	at org.apache.jmeter.threads.AbstractThreadGroup.next(AbstractThreadGroup.java:87) ~[ApacheJMeter_core.jar:5.0 r1840935]
	at org.apache.jmeter.threads.JMeterThread.run(JMeterThread.java:288) [ApacheJMeter_core.jar:5.0 r1840935]
	at java.lang.Thread.run(Unknown Source) [?:1.8.0_151]
2019-02-06 18:46:27,903 INFO o.a.j.t.JMeterThread: Thread finished: Script 1-1
2019-02-06 18:46:27,905 INFO o.a.j.e.StandardJMeterEngine: Notifying test listeners of end of test
2019-02-06 18:46:27,906 INFO o.a.j.g.u.JMeterMenuBar: setRunning(false, *local*)
2019-02-08 11:19:20,586 WARN o.a.j.u.JMeterUtils: ERROR! Resource string not found: [label]
2019-02-08 11:19:20,617 WARN o.a.j.u.JMeterUtils: ERROR! Resource string not found: [label]
2019-02-08 11:19:20,617 WARN o.a.j.u.JMeterUtils: ERROR! Resource string not found: [label]
2019-02-08 11:19:20,617 WARN o.a.j.u.JMeterUtils: ERROR! Resource string not found: [label]
2019-02-08 11:19:20,617 WARN o.a.j.u.JMeterUtils: ERROR! Resource string not found: [#_samples]
2019-02-08 11:19:20,617 WARN o.a.j.u.JMeterUtils: ERROR! Resource string not found: [median]
2019-02-08 11:19:20,617 WARN o.a.j.u.JMeterUtils: ERROR! Resource string not found: [90%_line]
2019-02-08 11:19:20,617 WARN o.a.j.u.JMeterUtils: ERROR! Resource string not found: [95%_line]
2019-02-08 11:19:20,617 WARN o.a.j.u.JMeterUtils: ERROR! Resource string not found: [99%_line]
2019-02-08 11:19:20,617 WARN o.a.j.u.JMeterUtils: ERROR! Resource string not found: [min]
2019-02-08 11:19:20,617 WARN o.a.j.u.JMeterUtils: ERROR! Resource string not found: [error_%]
2019-02-08 11:19:20,617 WARN o.a.j.u.JMeterUtils: ERROR! Resource string not found: [throughput]
2019-02-08 11:19:20,617 WARN o.a.j.u.JMeterUtils: ERROR! Resource string not found: [received_kb/sec]
2019-02-08 11:19:20,617 WARN o.a.j.u.JMeterUtils: ERROR! Resource string not found: [sent_kb/sec]
2019-02-08 11:19:20,711 WARN o.a.j.u.JMeterUtils: ERROR! Resource string not found: [label]
2019-02-08 11:19:20,711 WARN o.a.j.u.JMeterUtils: ERROR! Resource string not found: [#_samples]
2019-02-08 11:19:20,711 WARN o.a.j.u.JMeterUtils: ERROR! Resource string not found: [median]
2019-02-08 11:19:20,711 WARN o.a.j.u.JMeterUtils: ERROR! Resource string not found: [90%_line]
2019-02-08 11:19:20,711 WARN o.a.j.u.JMeterUtils: ERROR! Resource string not found: [95%_line]
2019-02-08 11:19:20,711 WARN o.a.j.u.JMeterUtils: ERROR! Resource string not found: [99%_line]
2019-02-08 11:19:20,711 WARN o.a.j.u.JMeterUtils: ERROR! Resource string not found: [min]
2019-02-08 11:19:20,711 WARN o.a.j.u.JMeterUtils: ERROR! Resource string not found: [error_%]
2019-02-08 11:19:20,711 WARN o.a.j.u.JMeterUtils: ERROR! Resource string not found: [throughput]
2019-02-08 11:19:20,711 WARN o.a.j.u.JMeterUtils: ERROR! Resource string not found: [received_kb/sec]
2019-02-08 11:19:20,711 WARN o.a.j.u.JMeterUtils: ERROR! Resource string not found: [sent_kb/sec]
2019-02-08 11:19:21,319 WARN o.a.j.u.JMeterUtils: ERROR! Resource string not found: [label]
2019-02-08 11:19:21,319 WARN o.a.j.u.JMeterUtils: ERROR! Resource string not found: [label]
2019-02-08 11:19:21,319 WARN o.a.j.u.JMeterUtils: ERROR! Resource string not found: [label]
2019-02-08 11:19:21,351 WARN o.a.j.u.JMeterUtils: ERROR! Resource string not found: [label]
2019-02-08 11:19:21,351 WARN o.a.j.u.JMeterUtils: ERROR! Resource string not found: [#_samples]
2019-02-08 11:19:21,351 WARN o.a.j.u.JMeterUtils: ERROR! Resource string not found: [median]
2019-02-08 11:19:21,351 WARN o.a.j.u.JMeterUtils: ERROR! Resource string not found: [90%_line]
2019-02-08 11:19:21,351 WARN o.a.j.u.JMeterUtils: ERROR! Resource string not found: [95%_line]
2019-02-08 11:19:21,351 WARN o.a.j.u.JMeterUtils: ERROR! Resource string not found: [99%_line]
2019-02-08 11:19:21,351 WARN o.a.j.u.JMeterUtils: ERROR! Resource string not found: [min]
2019-02-08 11:19:21,351 WARN o.a.j.u.JMeterUtils: ERROR! Resource string not found: [error_%]
2019-02-08 11:19:21,351 WARN o.a.j.u.JMeterUtils: ERROR! Resource string not found: [throughput]
2019-02-08 11:19:21,351 WARN o.a.j.u.JMeterUtils: ERROR! Resource string not found: [received_kb/sec]
2019-02-08 11:19:21,351 WARN o.a.j.u.JMeterUtils: ERROR! Resource string not found: [sent_kb/sec]
2019-02-08 11:19:21,429 WARN o.a.j.u.JMeterUtils: ERROR! Resource string not found: [label]
2019-02-08 11:19:21,429 WARN o.a.j.u.JMeterUtils: ERROR! Resource string not found: [#_samples]
2019-02-08 11:19:21,429 WARN o.a.j.u.JMeterUtils: ERROR! Resource string not found: [median]
2019-02-08 11:19:21,429 WARN o.a.j.u.JMeterUtils: ERROR! Resource string not found: [90%_line]
2019-02-08 11:19:21,429 WARN o.a.j.u.JMeterUtils: ERROR! Resource string not found: [95%_line]
2019-02-08 11:19:21,429 WARN o.a.j.u.JMeterUtils: ERROR! Resource string not found: [99%_line]
2019-02-08 11:19:21,429 WARN o.a.j.u.JMeterUtils: ERROR! Resource string not found: [min]
2019-02-08 11:19:21,429 WARN o.a.j.u.JMeterUtils: ERROR! Resource string not found: [error_%]
2019-02-08 11:19:21,429 WARN o.a.j.u.JMeterUtils: ERROR! Resource string not found: [throughput]
2019-02-08 11:19:21,429 WARN o.a.j.u.JMeterUtils: ERROR! Resource string not found: [received_kb/sec]
2019-02-08 11:19:21,429 WARN o.a.j.u.JMeterUtils: ERROR! Resource string not found: [sent_kb/sec]
2019-02-08 11:19:29,229 WARN o.a.j.u.JMeterUtils: ERROR! Resource string not found: [label]
2019-02-08 11:19:29,229 WARN o.a.j.u.JMeterUtils: ERROR! Resource string not found: [label]
2019-02-08 11:19:29,229 WARN o.a.j.u.JMeterUtils: ERROR! Resource string not found: [label]
2019-02-08 11:19:29,244 WARN o.a.j.u.JMeterUtils: ERROR! Resource string not found: [label]
2019-02-08 11:19:29,244 WARN o.a.j.u.JMeterUtils: ERROR! Resource string not found: [#_samples]
2019-02-08 11:19:29,244 WARN o.a.j.u.JMeterUtils: ERROR! Resource string not found: [median]
2019-02-08 11:19:29,244 WARN o.a.j.u.JMeterUtils: ERROR! Resource string not found: [90%_line]
2019-02-08 11:19:29,244 WARN o.a.j.u.JMeterUtils: ERROR! Resource string not found: [95%_line]
2019-02-08 11:19:29,244 WARN o.a.j.u.JMeterUtils: ERROR! Resource string not found: [99%_line]
2019-02-08 11:19:29,244 WARN o.a.j.u.JMeterUtils: ERROR! Resource string not found: [min]
2019-02-08 11:19:29,244 WARN o.a.j.u.JMeterUtils: ERROR! Resource string not found: [error_%]
2019-02-08 11:19:29,244 WARN o.a.j.u.JMeterUtils: ERROR! Resource string not found: [throughput]
2019-02-08 11:19:29,244 WARN o.a.j.u.JMeterUtils: ERROR! Resource string not found: [received_kb/sec]
2019-02-08 11:19:29,244 WARN o.a.j.u.JMeterUtils: ERROR! Resource string not found: [sent_kb/sec]
2019-02-08 11:19:29,385 WARN o.a.j.u.JMeterUtils: ERROR! Resource string not found: [label]
2019-02-08 11:19:29,385 WARN o.a.j.u.JMeterUtils: ERROR! Resource string not found: [#_samples]
2019-02-08 11:19:29,385 WARN o.a.j.u.JMeterUtils: ERROR! Resource string not found: [median]
2019-02-08 11:19:29,385 WARN o.a.j.u.JMeterUtils: ERROR! Resource string not found: [90%_line]
2019-02-08 11:19:29,385 WARN o.a.j.u.JMeterUtils: ERROR! Resource string not found: [95%_line]
2019-02-08 11:19:29,385 WARN o.a.j.u.JMeterUtils: ERROR! Resource string not found: [99%_line]
2019-02-08 11:19:29,385 WARN o.a.j.u.JMeterUtils: ERROR! Resource string not found: [min]
2019-02-08 11:19:29,385 WARN o.a.j.u.JMeterUtils: ERROR! Resource string not found: [error_%]
2019-02-08 11:19:29,385 WARN o.a.j.u.JMeterUtils: ERROR! Resource string not found: [throughput]
2019-02-08 11:19:29,385 WARN o.a.j.u.JMeterUtils: ERROR! Resource string not found: [received_kb/sec]
2019-02-08 11:19:29,385 WARN o.a.j.u.JMeterUtils: ERROR! Resource string not found: [sent_kb/sec]
2019-02-08 11:19:30,773 WARN o.a.j.u.JMeterUtils: ERROR! Resource string not found: [label]
2019-02-08 11:19:30,804 WARN o.a.j.u.JMeterUtils: ERROR! Resource string not found: [label]
2019-02-08 11:19:30,804 WARN o.a.j.u.JMeterUtils: ERROR! Resource string not found: [label]
2019-02-08 11:19:30,835 WARN o.a.j.u.JMeterUtils: ERROR! Resource string not found: [label]
2019-02-08 11:19:30,835 WARN o.a.j.u.JMeterUtils: ERROR! Resource string not found: [#_samples]
2019-02-08 11:19:30,835 WARN o.a.j.u.JMeterUtils: ERROR! Resource string not found: [median]
2019-02-08 11:19:30,835 WARN o.a.j.u.JMeterUtils: ERROR! Resource string not found: [90%_line]
2019-02-08 11:19:30,835 WARN o.a.j.u.JMeterUtils: ERROR! Resource string not found: [95%_line]
2019-02-08 11:19:30,835 WARN o.a.j.u.JMeterUtils: ERROR! Resource string not found: [99%_line]
2019-02-08 11:19:30,835 WARN o.a.j.u.JMeterUtils: ERROR! Resource string not found: [min]
2019-02-08 11:19:30,835 WARN o.a.j.u.JMeterUtils: ERROR! Resource string not found: [error_%]
2019-02-08 11:19:30,835 WARN o.a.j.u.JMeterUtils: ERROR! Resource string not found: [throughput]
2019-02-08 11:19:30,835 WARN o.a.j.u.JMeterUtils: ERROR! Resource string not found: [received_kb/sec]
2019-02-08 11:19:30,835 WARN o.a.j.u.JMeterUtils: ERROR! Resource string not found: [sent_kb/sec]
2019-02-08 11:19:30,929 WARN o.a.j.u.JMeterUtils: ERROR! Resource string not found: [label]
2019-02-08 11:19:30,929 WARN o.a.j.u.JMeterUtils: ERROR! Resource string not found: [#_samples]
2019-02-08 11:19:30,929 WARN o.a.j.u.JMeterUtils: ERROR! Resource string not found: [median]
2019-02-08 11:19:30,929 WARN o.a.j.u.JMeterUtils: ERROR! Resource string not found: [90%_line]
2019-02-08 11:19:30,929 WARN o.a.j.u.JMeterUtils: ERROR! Resource string not found: [95%_line]
2019-02-08 11:19:30,929 WARN o.a.j.u.JMeterUtils: ERROR! Resource string not found: [99%_line]
2019-02-08 11:19:30,929 WARN o.a.j.u.JMeterUtils: ERROR! Resource string not found: [min]
2019-02-08 11:19:30,929 WARN o.a.j.u.JMeterUtils: ERROR! Resource string not found: [error_%]
2019-02-08 11:19:30,929 WARN o.a.j.u.JMeterUtils: ERROR! Resource string not found: [throughput]
2019-02-08 11:19:30,929 WARN o.a.j.u.JMeterUtils: ERROR! Resource string not found: [received_kb/sec]
2019-02-08 11:19:30,929 WARN o.a.j.u.JMeterUtils: ERROR! Resource string not found: [sent_kb/sec]
2019-02-08 11:19:31,303 WARN o.a.j.u.JMeterUtils: ERROR! Resource string not found: [label]
2019-02-08 11:19:31,303 WARN o.a.j.u.JMeterUtils: ERROR! Resource string not found: [label]
2019-02-08 11:19:31,303 WARN o.a.j.u.JMeterUtils: ERROR! Resource string not found: [label]
2019-02-08 11:19:31,303 WARN o.a.j.u.JMeterUtils: ERROR! Resource string not found: [label]
2019-02-08 11:19:31,303 WARN o.a.j.u.JMeterUtils: ERROR! Resource string not found: [#_samples]
2019-02-08 11:19:31,303 WARN o.a.j.u.JMeterUtils: ERROR! Resource string not found: [median]
2019-02-08 11:19:31,303 WARN o.a.j.u.JMeterUtils: ERROR! Resource string not found: [90%_line]
2019-02-08 11:19:31,303 WARN o.a.j.u.JMeterUtils: ERROR! Resource string not found: [95%_line]
2019-02-08 11:19:31,303 WARN o.a.j.u.JMeterUtils: ERROR! Resource string not found: [99%_line]
2019-02-08 11:19:31,303 WARN o.a.j.u.JMeterUtils: ERROR! Resource string not found: [min]
2019-02-08 11:19:31,303 WARN o.a.j.u.JMeterUtils: ERROR! Resource string not found: [error_%]
2019-02-08 11:19:31,303 WARN o.a.j.u.JMeterUtils: ERROR! Resource string not found: [throughput]
2019-02-08 11:19:31,303 WARN o.a.j.u.JMeterUtils: ERROR! Resource string not found: [received_kb/sec]
2019-02-08 11:19:31,303 WARN o.a.j.u.JMeterUtils: ERROR! Resource string not found: [sent_kb/sec]
2019-02-08 11:19:31,428 WARN o.a.j.u.JMeterUtils: ERROR! Resource string not found: [label]
2019-02-08 11:19:31,428 WARN o.a.j.u.JMeterUtils: ERROR! Resource string not found: [#_samples]
2019-02-08 11:19:31,428 WARN o.a.j.u.JMeterUtils: ERROR! Resource string not found: [median]
2019-02-08 11:19:31,428 WARN o.a.j.u.JMeterUtils: ERROR! Resource string not found: [90%_line]
2019-02-08 11:19:31,428 WARN o.a.j.u.JMeterUtils: ERROR! Resource string not found: [95%_line]
2019-02-08 11:19:31,428 WARN o.a.j.u.JMeterUtils: ERROR! Resource string not found: [99%_line]
2019-02-08 11:19:31,428 WARN o.a.j.u.JMeterUtils: ERROR! Resource string not found: [min]
2019-02-08 11:19:31,428 WARN o.a.j.u.JMeterUtils: ERROR! Resource string not found: [error_%]
2019-02-08 11:19:31,428 WARN o.a.j.u.JMeterUtils: ERROR! Resource string not found: [throughput]
2019-02-08 11:19:31,428 WARN o.a.j.u.JMeterUtils: ERROR! Resource string not found: [received_kb/sec]
2019-02-08 11:19:31,428 WARN o.a.j.u.JMeterUtils: ERROR! Resource string not found: [sent_kb/sec]
2019-02-08 11:19:32,083 WARN o.a.j.u.JMeterUtils: ERROR! Resource string not found: [label]
2019-02-08 11:19:32,099 WARN o.a.j.u.JMeterUtils: ERROR! Resource string not found: [label]
2019-02-08 11:19:32,099 WARN o.a.j.u.JMeterUtils: ERROR! Resource string not found: [label]
2019-02-08 11:19:32,115 WARN o.a.j.u.JMeterUtils: ERROR! Resource string not found: [label]
2019-02-08 11:19:32,115 WARN o.a.j.u.JMeterUtils: ERROR! Resource string not found: [#_samples]
2019-02-08 11:19:32,115 WARN o.a.j.u.JMeterUtils: ERROR! Resource string not found: [median]
2019-02-08 11:19:32,115 WARN o.a.j.u.JMeterUtils: ERROR! Resource string not found: [90%_line]
2019-02-08 11:19:32,115 WARN o.a.j.u.JMeterUtils: ERROR! Resource string not found: [95%_line]
2019-02-08 11:19:32,115 WARN o.a.j.u.JMeterUtils: ERROR! Resource string not found: [99%_line]
2019-02-08 11:19:32,115 WARN o.a.j.u.JMeterUtils: ERROR! Resource string not found: [min]
2019-02-08 11:19:32,115 WARN o.a.j.u.JMeterUtils: ERROR! Resource string not found: [error_%]
2019-02-08 11:19:32,115 WARN o.a.j.u.JMeterUtils: ERROR! Resource string not found: [throughput]
2019-02-08 11:19:32,115 WARN o.a.j.u.JMeterUtils: ERROR! Resource string not found: [received_kb/sec]
2019-02-08 11:19:32,115 WARN o.a.j.u.JMeterUtils: ERROR! Resource string not found: [sent_kb/sec]
2019-02-08 11:19:32,224 WARN o.a.j.u.JMeterUtils: ERROR! Resource string not found: [label]
2019-02-08 11:19:32,224 WARN o.a.j.u.JMeterUtils: ERROR! Resource string not found: [#_samples]
2019-02-08 11:19:32,224 WARN o.a.j.u.JMeterUtils: ERROR! Resource string not found: [median]
2019-02-08 11:19:32,224 WARN o.a.j.u.JMeterUtils: ERROR! Resource string not found: [90%_line]
2019-02-08 11:19:32,224 WARN o.a.j.u.JMeterUtils: ERROR! Resource string not found: [95%_line]
2019-02-08 11:19:32,224 WARN o.a.j.u.JMeterUtils: ERROR! Resource string not found: [99%_line]
2019-02-08 11:19:32,224 WARN o.a.j.u.JMeterUtils: ERROR! Resource string not found: [min]
2019-02-08 11:19:32,224 WARN o.a.j.u.JMeterUtils: ERROR! Resource string not found: [error_%]
2019-02-08 11:19:32,224 WARN o.a.j.u.JMeterUtils: ERROR! Resource string not found: [throughput]
2019-02-08 11:19:32,224 WARN o.a.j.u.JMeterUtils: ERROR! Resource string not found: [received_kb/sec]
2019-02-08 11:19:32,224 WARN o.a.j.u.JMeterUtils: ERROR! Resource string not found: [sent_kb/sec]
2019-02-08 11:19:39,587 WARN o.a.j.u.JMeterUtils: ERROR! Resource string not found: [label]
2019-02-08 11:19:39,587 WARN o.a.j.u.JMeterUtils: ERROR! Resource string not found: [label]
2019-02-08 11:19:39,587 WARN o.a.j.u.JMeterUtils: ERROR! Resource string not found: [label]
2019-02-08 11:19:39,618 WARN o.a.j.u.JMeterUtils: ERROR! Resource string not found: [label]
2019-02-08 11:19:39,618 WARN o.a.j.u.JMeterUtils: ERROR! Resource string not found: [#_samples]
2019-02-08 11:19:39,618 WARN o.a.j.u.JMeterUtils: ERROR! Resource string not found: [median]
2019-02-08 11:19:39,618 WARN o.a.j.u.JMeterUtils: ERROR! Resource string not found: [90%_line]
2019-02-08 11:19:39,618 WARN o.a.j.u.JMeterUtils: ERROR! Resource string not found: [95%_line]
2019-02-08 11:19:39,618 WARN o.a.j.u.JMeterUtils: ERROR! Resource string not found: [99%_line]
2019-02-08 11:19:39,618 WARN o.a.j.u.JMeterUtils: ERROR! Resource string not found: [min]
2019-02-08 11:19:39,618 WARN o.a.j.u.JMeterUtils: ERROR! Resource string not found: [error_%]
2019-02-08 11:19:39,618 WARN o.a.j.u.JMeterUtils: ERROR! Resource string not found: [throughput]
2019-02-08 11:19:39,618 WARN o.a.j.u.JMeterUtils: ERROR! Resource string not found: [received_kb/sec]
2019-02-08 11:19:39,618 WARN o.a.j.u.JMeterUtils: ERROR! Resource string not found: [sent_kb/sec]
2019-02-08 11:19:39,759 WARN o.a.j.u.JMeterUtils: ERROR! Resource string not found: [label]
2019-02-08 11:19:39,759 WARN o.a.j.u.JMeterUtils: ERROR! Resource string not found: [#_samples]
2019-02-08 11:19:39,759 WARN o.a.j.u.JMeterUtils: ERROR! Resource string not found: [median]
2019-02-08 11:19:39,759 WARN o.a.j.u.JMeterUtils: ERROR! Resource string not found: [90%_line]
2019-02-08 11:19:39,759 WARN o.a.j.u.JMeterUtils: ERROR! Resource string not found: [95%_line]
2019-02-08 11:19:39,759 WARN o.a.j.u.JMeterUtils: ERROR! Resource string not found: [99%_line]
2019-02-08 11:19:39,759 WARN o.a.j.u.JMeterUtils: ERROR! Resource string not found: [min]
2019-02-08 11:19:39,759 WARN o.a.j.u.JMeterUtils: ERROR! Resource string not found: [error_%]
2019-02-08 11:19:39,759 WARN o.a.j.u.JMeterUtils: ERROR! Resource string not found: [throughput]
2019-02-08 11:19:39,759 WARN o.a.j.u.JMeterUtils: ERROR! Resource string not found: [received_kb/sec]
2019-02-08 11:19:39,759 WARN o.a.j.u.JMeterUtils: ERROR! Resource string not found: [sent_kb/sec]
2019-02-08 11:19:40,445 WARN o.a.j.u.JMeterUtils: ERROR! Resource string not found: [label]
2019-02-08 11:19:40,445 WARN o.a.j.u.JMeterUtils: ERROR! Resource string not found: [label]
2019-02-08 11:19:40,445 WARN o.a.j.u.JMeterUtils: ERROR! Resource string not found: [label]
2019-02-08 11:19:40,461 WARN o.a.j.u.JMeterUtils: ERROR! Resource string not found: [label]
2019-02-08 11:19:40,461 WARN o.a.j.u.JMeterUtils: ERROR! Resource string not found: [#_samples]
2019-02-08 11:19:40,461 WARN o.a.j.u.JMeterUtils: ERROR! Resource string not found: [median]
2019-02-08 11:19:40,461 WARN o.a.j.u.JMeterUtils: ERROR! Resource string not found: [90%_line]
2019-02-08 11:19:40,461 WARN o.a.j.u.JMeterUtils: ERROR! Resource string not found: [95%_line]
2019-02-08 11:19:40,461 WARN o.a.j.u.JMeterUtils: ERROR! Resource string not found: [99%_line]
2019-02-08 11:19:40,461 WARN o.a.j.u.JMeterUtils: ERROR! Resource string not found: [min]
2019-02-08 11:19:40,461 WARN o.a.j.u.JMeterUtils: ERROR! Resource string not found: [error_%]
2019-02-08 11:19:40,461 WARN o.a.j.u.JMeterUtils: ERROR! Resource string not found: [throughput]
2019-02-08 11:19:40,461 WARN o.a.j.u.JMeterUtils: ERROR! Resource string not found: [received_kb/sec]
2019-02-08 11:19:40,461 WARN o.a.j.u.JMeterUtils: ERROR! Resource string not found: [sent_kb/sec]
2019-02-08 11:19:40,585 WARN o.a.j.u.JMeterUtils: ERROR! Resource string not found: [label]
2019-02-08 11:19:40,585 WARN o.a.j.u.JMeterUtils: ERROR! Resource string not found: [#_samples]
2019-02-08 11:19:40,585 WARN o.a.j.u.JMeterUtils: ERROR! Resource string not found: [median]
2019-02-08 11:19:40,585 WARN o.a.j.u.JMeterUtils: ERROR! Resource string not found: [90%_line]
2019-02-08 11:19:40,585 WARN o.a.j.u.JMeterUtils: ERROR! Resource string not found: [95%_line]
2019-02-08 11:19:40,585 WARN o.a.j.u.JMeterUtils: ERROR! Resource string not found: [99%_line]
2019-02-08 11:19:40,585 WARN o.a.j.u.JMeterUtils: ERROR! Resource string not found: [min]
2019-02-08 11:19:40,585 WARN o.a.j.u.JMeterUtils: ERROR! Resource string not found: [error_%]
2019-02-08 11:19:40,585 WARN o.a.j.u.JMeterUtils: ERROR! Resource string not found: [throughput]
2019-02-08 11:19:40,585 WARN o.a.j.u.JMeterUtils: ERROR! Resource string not found: [received_kb/sec]
2019-02-08 11:19:40,585 WARN o.a.j.u.JMeterUtils: ERROR! Resource string not found: [sent_kb/sec]
2019-02-08 11:19:41,646 WARN o.a.j.u.JMeterUtils: ERROR! Resource string not found: [label]
2019-02-08 11:19:41,646 WARN o.a.j.u.JMeterUtils: ERROR! Resource string not found: [label]
2019-02-08 11:19:41,662 WARN o.a.j.u.JMeterUtils: ERROR! Resource string not found: [label]
2019-02-08 11:19:41,677 WARN o.a.j.u.JMeterUtils: ERROR! Resource string not found: [label]
2019-02-08 11:19:41,677 WARN o.a.j.u.JMeterUtils: ERROR! Resource string not found: [#_samples]
2019-02-08 11:19:41,677 WARN o.a.j.u.JMeterUtils: ERROR! Resource string not found: [median]
2019-02-08 11:19:41,677 WARN o.a.j.u.JMeterUtils: ERROR! Resource string not found: [90%_line]
2019-02-08 11:19:41,677 WARN o.a.j.u.JMeterUtils: ERROR! Resource string not found: [95%_line]
2019-02-08 11:19:41,677 WARN o.a.j.u.JMeterUtils: ERROR! Resource string not found: [99%_line]
2019-02-08 11:19:41,677 WARN o.a.j.u.JMeterUtils: ERROR! Resource string not found: [min]
2019-02-08 11:19:41,677 WARN o.a.j.u.JMeterUtils: ERROR! Resource string not found: [error_%]
2019-02-08 11:19:41,677 WARN o.a.j.u.JMeterUtils: ERROR! Resource string not found: [throughput]
2019-02-08 11:19:41,677 WARN o.a.j.u.JMeterUtils: ERROR! Resource string not found: [received_kb/sec]
2019-02-08 11:19:41,677 WARN o.a.j.u.JMeterUtils: ERROR! Resource string not found: [sent_kb/sec]
2019-02-08 11:19:41,802 WARN o.a.j.u.JMeterUtils: ERROR! Resource string not found: [label]
2019-02-08 11:19:41,802 WARN o.a.j.u.JMeterUtils: ERROR! Resource string not found: [#_samples]
2019-02-08 11:19:41,802 WARN o.a.j.u.JMeterUtils: ERROR! Resource string not found: [median]
2019-02-08 11:19:41,802 WARN o.a.j.u.JMeterUtils: ERROR! Resource string not found: [90%_line]
2019-02-08 11:19:41,802 WARN o.a.j.u.JMeterUtils: ERROR! Resource string not found: [95%_line]
2019-02-08 11:19:41,802 WARN o.a.j.u.JMeterUtils: ERROR! Resource string not found: [99%_line]
2019-02-08 11:19:41,802 WARN o.a.j.u.JMeterUtils: ERROR! Resource string not found: [min]
2019-02-08 11:19:41,802 WARN o.a.j.u.JMeterUtils: ERROR! Resource string not found: [error_%]
2019-02-08 11:19:41,802 WARN o.a.j.u.JMeterUtils: ERROR! Resource string not found: [throughput]
2019-02-08 11:19:41,802 WARN o.a.j.u.JMeterUtils: ERROR! Resource string not found: [received_kb/sec]
2019-02-08 11:19:41,802 WARN o.a.j.u.JMeterUtils: ERROR! Resource string not found: [sent_kb/sec]
