Virtual User Script started at : 17-11-2017 10:03:32
Starting action vuser_init.
Web Turbo Replay of LoadRunner 12.53.0 for Windows 7; build 1203 (Nov 17 2017 19:13:20)  	[MsgId: MMSG-26983]
Run mode: HTML  	[MsgId: MMSG-26993]
Replay user agent: Mozilla/5.0 (Windows NT 6.1; WOW64; Trident/7.0; rv:11.0) like Gecko  	[MsgId: MMSG-26988]
Run-Time Settings file: "C:\Users\tatire661841.MAJESCO\Desktop\LoadRunnerScripts\Apsrtc\\default.cfg"  	[MsgId: MMSG-27141]
Warning -27070: Replay statistic collection is not supported by the WinInet Replay and is ignored  	[MsgId: MWAR-27070]
Ending action vuser_init.
Running Vuser...
Starting iteration 1.
Maximum number of concurrent connections per server: 6  	[MsgId: MMSG-26989]
Starting action Action.
Action.c(4): web_url("oprs-web") started  	[MsgId: MMSG-26355]
Action.c(4): Found resource "http://www.apsrtconline.in/oprs-web/_assets/skin/jquery-ui.css" in HTML "http://www.apsrtconline.in/oprs-web/"  	[MsgId: MMSG-26659]
Action.c(4): Found resource "http://www.apsrtconline.in/oprs-web/_assets/skin/skin_3_3.css" in HTML "http://www.apsrtconline.in/oprs-web/"  	[MsgId: MMSG-26659]
Action.c(4): Found resource "http://www.apsrtconline.in/oprs-web/_assets/scripts/jquery-1.8.3.min.js" in HTML "http://www.apsrtconline.in/oprs-web/"  	[MsgId: MMSG-26659]
Action.c(4): Found resource "http://www.apsrtconline.in/oprs-web/_assets/scripts/jquery.cycle2.min.js" in HTML "http://www.apsrtconline.in/oprs-web/"  	[MsgId: MMSG-26659]
Action.c(4): Found resource "http://www.apsrtconline.in/oprs-web/_assets/scripts/script3_7.js" in HTML "http://www.apsrtconline.in/oprs-web/"  	[MsgId: MMSG-26659]
Action.c(4): Found resource "http://www.apsrtconline.in/oprs-web/_assets/scripts/ajax-script3_7.js" in HTML "http://www.apsrtconline.in/oprs-web/"  	[MsgId: MMSG-26659]
Action.c(4): Found resource "http://www.apsrtconline.in/oprs-web/_assets/scripts/allscripts.js" in HTML "http://www.apsrtconline.in/oprs-web/"  	[MsgId: MMSG-26659]
Action.c(4): Downloading resource "http://www.apsrtconline.in/oprs-web/_assets/images/new/map-icon.png" (specified by argument number 10)  	[MsgId: MMSG-26577]
Action.c(4): Downloading resource "http://www.apsrtconline.in/oprs-web/_assets/images/new/bg-home.jpg" (specified by argument number 12)  	[MsgId: MMSG-26577]
Action.c(4): Downloading resource "http://www.apsrtconline.in/oprs-web/_assets/images/new/logo.png" (specified by argument number 14)  	[MsgId: MMSG-26577]
Action.c(4): Downloading resource "http://www.apsrtconline.in/oprs-web/_assets/images/new/phoneicon.png" (specified by argument number 16)  	[MsgId: MMSG-26577]
Action.c(4): Downloading resource "http://www.apsrtconline.in/oprs-web/_assets/images/new/arrow-down-yellow.png" (specified by argument number 18)  	[MsgId: MMSG-26577]
Action.c(4): Downloading resource "http://www.apsrtconline.in/oprs-web/_assets/images/new/twoway.png" (specified by argument number 20)  	[MsgId: MMSG-26577]
Action.c(4): Downloading resource "http://www.apsrtconline.in/oprs-web/_assets/images/new/cal-icon.png" (specified by argument number 22)  	[MsgId: MMSG-26577]
Action.c(4): Downloading resource "http://www.apsrtconline.in/oprs-web/_assets/images/home/others/facebook.png" (specified by argument number 24)  	[MsgId: MMSG-26577]
Action.c(4): Downloading resource "http://www.apsrtconline.in/oprs-web/_assets/images/home/others/poweredby.png" (specified by argument number 26)  	[MsgId: MMSG-26577]
Action.c(4): Downloading resource "http://www.apsrtconline.in/oprs-web/_assets/images/new/icon-bus.png" (specified by argument number 28)  	[MsgId: MMSG-26577]
Action.c(4): Downloading resource "http://www.apsrtconline.in/oprs-web/_assets/images/home/others/twitter.png" (specified by argument number 30)  	[MsgId: MMSG-26577]
Action.c(4): Downloading resource "https://www.google-analytics.com/analytics.js" (specified by argument number 32)  	[MsgId: MMSG-26577]
Action.c(4): Downloading resource "https://www.google-analytics.com/r/collect?v=1&_v=j66&a=247365465&t=pageview&_s=1&dl=http%3A%2F%2Fwww.apsrtconline.in%2Foprs-web%2F&ul=en-in&de=utf-8&dt=APSRTC%20Official%20Website%20for%20Online%20Bus%20Ticket%20Booking%20-%20APSRTConline.in&sd=24-bit&sr=1366x768&vp=1349x674&je=1&fl=14.0%20r0&_u=IEBAAEQ~&jid=1548000669&gjid=985706986&cid=712127139.1510893013&tid=UA-21115933-10&_gid=1356801977.1510893013&_r=1&z=1487475116" (specified by argument number 34)  	[MsgId: MMSG-26577]
Action.c(4): Downloading resource "https://www.bing.com/favicon.ico" (specified by argument number 36)  	[MsgId: MMSG-26577]
Action.c(4): Downloading resource "http://www.apsrtconline.in/oprs-web/_assets/images/home/LArrow.png" (specified by argument number 39)  	[MsgId: MMSG-26577]
Action.c(4): Downloading resource "http://www.apsrtconline.in/oprs-web/_assets/images/home/arrow.png" (specified by argument number 41)  	[MsgId: MMSG-26577]
Action.c(4): Found resource "http://static.abhibus.com/ap_tg/ap/oprs-web/_assets/images/new/banner0.png" in HTML "http://www.apsrtconline.in/oprs-web/"  	[MsgId: MMSG-26659]
Action.c(4): Found resource "http://static.abhibus.com/ap_tg/ap/oprs-web/_assets/images/new/banner3.png" in HTML "http://www.apsrtconline.in/oprs-web/"  	[MsgId: MMSG-26659]
Action.c(4): Found resource "http://static.abhibus.com/ap_tg/ap/oprs-web/_assets/images/new/banner4.png" in HTML "http://www.apsrtconline.in/oprs-web/"  	[MsgId: MMSG-26659]
Action.c(4): Found resource "http://static.abhibus.com/ap_tg/ap/oprs-web/_assets/images/new/banner-bot-1.png" in HTML "http://www.apsrtconline.in/oprs-web/"  	[MsgId: MMSG-26659]
Action.c(4): Found resource "http://static.abhibus.com/ap_tg/ap/oprs-web/_assets/images/new/banner-bot-2.png" in HTML "http://www.apsrtconline.in/oprs-web/"  	[MsgId: MMSG-26659]
Action.c(4): Found resource "http://static.abhibus.com/ap_tg/ap/oprs-web/_assets/images/new/banner-bot-3.png" in HTML "http://www.apsrtconline.in/oprs-web/"  	[MsgId: MMSG-26659]
Action.c(4): web_url("oprs-web") was successful, 598622 body bytes, 10411 header bytes  	[MsgId: MMSG-26386]
Action.c(31): web_set_sockets_option started  	[MsgId: MMSG-26355]
Action.c(31): Warning -27488: "web_set_sockets_option" has no effect on WinInet replay  	[MsgId: MWAR-27488]
Action.c(31): web_set_sockets_option highest severity level was "warning"  	[MsgId: MMSG-26391]
Action.c(35): Notify: Transaction "Search" started.
Action.c(37): web_submit_data("services.do") started  	[MsgId: MMSG-26355]
Action.c(37): Resource "http://www.apsrtconline.in/oprs-web/_assets/skin/jquery-ui.css" is in the cache already and will not be downloaded again  	[MsgId: MMSG-26655]
Action.c(37): Resource "http://www.apsrtconline.in/oprs-web/_assets/skin/skin_3_3.css" is in the cache already and will not be downloaded again  	[MsgId: MMSG-26655]
Action.c(37): Resource "http://www.apsrtconline.in/oprs-web/_assets/scripts/jquery-1.8.3.min.js" is in the cache already and will not be downloaded again  	[MsgId: MMSG-26655]
Action.c(37): Resource "http://www.apsrtconline.in/oprs-web/_assets/scripts/jquery.cycle2.min.js" is in the cache already and will not be downloaded again  	[MsgId: MMSG-26655]
Action.c(37): Resource "http://www.apsrtconline.in/oprs-web/_assets/scripts/script3_7.js" is in the cache already and will not be downloaded again  	[MsgId: MMSG-26655]
Action.c(37): Resource "http://www.apsrtconline.in/oprs-web/_assets/scripts/ajax-script3_7.js" is in the cache already and will not be downloaded again  	[MsgId: MMSG-26655]
Action.c(37): Resource "http://www.apsrtconline.in/oprs-web/_assets/scripts/allscripts.js" is in the cache already and will not be downloaded again  	[MsgId: MMSG-26655]
Action.c(37): Downloading resource "https://www.google-analytics.com/collect?v=1&_v=j66&a=761204075&t=pageview&_s=1&dl=http%3A%2F%2Fwww.apsrtconline.in%2Foprs-web%2Favail%2Fservices.do&ul=en-in&de=utf-8&dt=APSRTC%20Official%20Website%20for%20Online%20Bus%20Ticket%20Booking%20-%20APSRTConline.in&sd=24-bit&sr=1366x768&vp=1349x674&je=1&fl=14.0%20r0&_u=AACAAEQ~&jid=&gjid=&cid=712127139.1510893013&tid=UA-21115933-10&_gid=1356801977.1510893013&z=1959183136" (specified by argument number 50)  	[MsgId: MMSG-26577]
Action.c(37): Downloading resource "http://www.apsrtconline.in/oprs-web/_assets/images/new/arrow-right-n.png" (specified by argument number 52)  	[MsgId: MMSG-26577]
Action.c(37): Downloading resource "http://www.apsrtconline.in/oprs-web/_assets/images/new/arrow-left-n.png" (specified by argument number 54)  	[MsgId: MMSG-26577]
Action.c(37): Downloading resource "http://www.apsrtconline.in/oprs-web/_assets/images/progressbar/Loader.gif" (specified by argument number 56)  	[MsgId: MMSG-26577]
Action.c(37): Downloading resource "http://www.apsrtconline.in/oprs-web/_assets/images/new/amenities-icons.png" (specified by argument number 58)  	[MsgId: MMSG-26577]
Action.c(37): Downloading resource "http://www.apsrtconline.in/oprs-web/_assets/images/new/icon-rupee.png" (specified by argument number 60)  	[MsgId: MMSG-26577]
Action.c(37): Downloading resource "http://www.apsrtconline.in/oprs-web/_assets/images/new/arrow-down.png" (specified by argument number 62)  	[MsgId: MMSG-26577]
Action.c(37): Downloading resource "http://www.apsrtconline.in/oprs-web/_assets/images/new/items-icon.png" (specified by argument number 64)  	[MsgId: MMSG-26577]
Action.c(37): web_submit_data("services.do") was successful, 85308 body bytes, 3037 header bytes  	[MsgId: MMSG-26386]
Action.c(70): web_submit_data("linking.do") started  	[MsgId: MMSG-26355]
Action.c(70): web_submit_data("linking.do") was successful, 132 body bytes, 455 header bytes  	[MsgId: MMSG-26386]
Action.c(84): web_submit_data("services.do_2") started  	[MsgId: MMSG-26355]
Action.c(84): Found resource "http://static.abhibus.com/ap_tg/ap/oprs-web/_assets/images/new/icon-vehicleTrack.png" in HTML "http://www.apsrtconline.in/oprs-web/forward/booking/avail/services.do?txtJourneyDate=18/11/2017&startPlaceId=1386430615487&endPlaceId=14911&txtLinkJourneyDate=&ajaxAction=fw&qryType=0&X=1510893045771"  	[MsgId: MMSG-26659]
Action.c(84): web_submit_data("services.do_2") was successful, 16285 body bytes, 807 header bytes  	[MsgId: MMSG-26386]
Action.c(98): Notify: Transaction "Search" ended with a "Pass" status (Duration: 3.1411 Wasted Time: 0.0339).
Action.c(102): web_submit_data("boardPoints.do") started  	[MsgId: MMSG-26355]
Action.c(102): web_submit_data("boardPoints.do") was successful, 608 body bytes, 455 header bytes  	[MsgId: MMSG-26386]
Action.c(118): web_submit_data("view.do") started  	[MsgId: MMSG-26355]
Action.c(118): web_submit_data("view.do") was successful, 1025 body bytes, 456 header bytes  	[MsgId: MMSG-26386]
Ending action Action.
Ending iteration 1.
Ending Vuser...
Starting action vuser_end.
Ending action vuser_end.
Vuser Terminated.
